<?xml version="1.0" encoding="UTF-8"?>
<testsuite xmlns:xsi="http://www.w3.org/2001/XMLSchema-instance" xsi:noNamespaceSchemaLocation="https://maven.apache.org/surefire/maven-surefire-plugin/xsd/surefire-test-report.xsd" version="3.0.2" name="com.example.Spring_app.AdditionalDetailsTest" time="1.969" tests="5" errors="0" skipped="0" failures="0">
  <properties>
    <property name="java.specification.version" value="23"/>
    <property name="sun.jnu.encoding" value="UTF-8"/>
    <property name="java.class.path" value="/media/nashtech/512 GB SSD/Projects/Spring-app/target/test-classes:/media/nashtech/512 GB SSD/Projects/Spring-app/target/classes:/home/nashtech/.m2/repository/org/springframework/boot/spring-boot-starter-data-jpa/3.4.0/spring-boot-starter-data-jpa-3.4.0.jar:/home/nashtech/.m2/repository/org/springframework/boot/spring-boot-starter/3.4.0/spring-boot-starter-3.4.0.jar:/home/nashtech/.m2/repository/org/springframework/boot/spring-boot-autoconfigure/3.4.0/spring-boot-autoconfigure-3.4.0.jar:/home/nashtech/.m2/repository/org/springframework/boot/spring-boot-starter-logging/3.4.0/spring-boot-starter-logging-3.4.0.jar:/home/nashtech/.m2/repository/ch/qos/logback/logback-classic/1.5.12/logback-classic-1.5.12.jar:/home/nashtech/.m2/repository/ch/qos/logback/logback-core/1.5.12/logback-core-1.5.12.jar:/home/nashtech/.m2/repository/org/apache/logging/log4j/log4j-to-slf4j/2.24.1/log4j-to-slf4j-2.24.1.jar:/home/nashtech/.m2/repository/org/apache/logging/log4j/log4j-api/2.24.1/log4j-api-2.24.1.jar:/home/nashtech/.m2/repository/org/slf4j/jul-to-slf4j/2.0.16/jul-to-slf4j-2.0.16.jar:/home/nashtech/.m2/repository/jakarta/annotation/jakarta.annotation-api/2.1.1/jakarta.annotation-api-2.1.1.jar:/home/nashtech/.m2/repository/org/yaml/snakeyaml/2.3/snakeyaml-2.3.jar:/home/nashtech/.m2/repository/org/springframework/boot/spring-boot-starter-jdbc/3.4.0/spring-boot-starter-jdbc-3.4.0.jar:/home/nashtech/.m2/repository/com/zaxxer/HikariCP/5.1.0/HikariCP-5.1.0.jar:/home/nashtech/.m2/repository/org/springframework/spring-jdbc/6.2.0/spring-jdbc-6.2.0.jar:/home/nashtech/.m2/repository/org/hibernate/orm/hibernate-core/6.6.2.Final/hibernate-core-6.6.2.Final.jar:/home/nashtech/.m2/repository/jakarta/transaction/jakarta.transaction-api/2.0.1/jakarta.transaction-api-2.0.1.jar:/home/nashtech/.m2/repository/org/jboss/logging/jboss-logging/3.6.1.Final/jboss-logging-3.6.1.Final.jar:/home/nashtech/.m2/repository/org/hibernate/common/hibernate-commons-annotations/7.0.3.Final/hibernate-commons-annotations-7.0.3.Final.jar:/home/nashtech/.m2/repository/io/smallrye/jandex/3.2.0/jandex-3.2.0.jar:/home/nashtech/.m2/repository/com/fasterxml/classmate/1.7.0/classmate-1.7.0.jar:/home/nashtech/.m2/repository/org/glassfish/jaxb/jaxb-runtime/4.0.5/jaxb-runtime-4.0.5.jar:/home/nashtech/.m2/repository/org/glassfish/jaxb/jaxb-core/4.0.5/jaxb-core-4.0.5.jar:/home/nashtech/.m2/repository/org/eclipse/angus/angus-activation/2.0.2/angus-activation-2.0.2.jar:/home/nashtech/.m2/repository/org/glassfish/jaxb/txw2/4.0.5/txw2-4.0.5.jar:/home/nashtech/.m2/repository/com/sun/istack/istack-commons-runtime/4.1.2/istack-commons-runtime-4.1.2.jar:/home/nashtech/.m2/repository/jakarta/inject/jakarta.inject-api/2.0.1/jakarta.inject-api-2.0.1.jar:/home/nashtech/.m2/repository/org/antlr/antlr4-runtime/4.13.0/antlr4-runtime-4.13.0.jar:/home/nashtech/.m2/repository/org/springframework/data/spring-data-jpa/3.4.0/spring-data-jpa-3.4.0.jar:/home/nashtech/.m2/repository/org/springframework/data/spring-data-commons/3.4.0/spring-data-commons-3.4.0.jar:/home/nashtech/.m2/repository/org/springframework/spring-orm/6.2.0/spring-orm-6.2.0.jar:/home/nashtech/.m2/repository/org/springframework/spring-context/6.2.0/spring-context-6.2.0.jar:/home/nashtech/.m2/repository/org/springframework/spring-aop/6.2.0/spring-aop-6.2.0.jar:/home/nashtech/.m2/repository/org/springframework/spring-tx/6.2.0/spring-tx-6.2.0.jar:/home/nashtech/.m2/repository/org/springframework/spring-beans/6.2.0/spring-beans-6.2.0.jar:/home/nashtech/.m2/repository/org/slf4j/slf4j-api/2.0.16/slf4j-api-2.0.16.jar:/home/nashtech/.m2/repository/org/springframework/spring-aspects/6.2.0/spring-aspects-6.2.0.jar:/home/nashtech/.m2/repository/org/aspectj/aspectjweaver/1.9.22.1/aspectjweaver-1.9.22.1.jar:/home/nashtech/.m2/repository/org/springframework/boot/spring-boot-starter-web/3.4.0/spring-boot-starter-web-3.4.0.jar:/home/nashtech/.m2/repository/org/springframework/boot/spring-boot-starter-json/3.4.0/spring-boot-starter-json-3.4.0.jar:/home/nashtech/.m2/repository/com/fasterxml/jackson/datatype/jackson-datatype-jdk8/2.18.1/jackson-datatype-jdk8-2.18.1.jar:/home/nashtech/.m2/repository/com/fasterxml/jackson/datatype/jackson-datatype-jsr310/2.18.1/jackson-datatype-jsr310-2.18.1.jar:/home/nashtech/.m2/repository/org/springframework/boot/spring-boot-starter-tomcat/3.4.0/spring-boot-starter-tomcat-3.4.0.jar:/home/nashtech/.m2/repository/org/apache/tomcat/embed/tomcat-embed-core/10.1.33/tomcat-embed-core-10.1.33.jar:/home/nashtech/.m2/repository/org/apache/tomcat/embed/tomcat-embed-el/10.1.33/tomcat-embed-el-10.1.33.jar:/home/nashtech/.m2/repository/org/apache/tomcat/embed/tomcat-embed-websocket/10.1.33/tomcat-embed-websocket-10.1.33.jar:/home/nashtech/.m2/repository/org/springframework/spring-web/6.2.0/spring-web-6.2.0.jar:/home/nashtech/.m2/repository/io/micrometer/micrometer-observation/1.14.1/micrometer-observation-1.14.1.jar:/home/nashtech/.m2/repository/io/micrometer/micrometer-commons/1.14.1/micrometer-commons-1.14.1.jar:/home/nashtech/.m2/repository/org/springframework/spring-webmvc/6.2.0/spring-webmvc-6.2.0.jar:/home/nashtech/.m2/repository/org/springframework/spring-expression/6.2.0/spring-expression-6.2.0.jar:/home/nashtech/.m2/repository/org/springframework/boot/spring-boot-docker-compose/3.4.0/spring-boot-docker-compose-3.4.0.jar:/home/nashtech/.m2/repository/org/springframework/boot/spring-boot/3.4.0/spring-boot-3.4.0.jar:/home/nashtech/.m2/repository/com/fasterxml/jackson/module/jackson-module-parameter-names/2.18.1/jackson-module-parameter-names-2.18.1.jar:/home/nashtech/.m2/repository/com/mysql/mysql-connector-j/9.1.0/mysql-connector-j-9.1.0.jar:/home/nashtech/.m2/repository/jakarta/persistence/jakarta.persistence-api/3.1.0/jakarta.persistence-api-3.1.0.jar:/home/nashtech/.m2/repository/org/postgresql/postgresql/42.7.4/postgresql-42.7.4.jar:/home/nashtech/.m2/repository/org/checkerframework/checker-qual/3.42.0/checker-qual-3.42.0.jar:/home/nashtech/.m2/repository/org/springdoc/springdoc-openapi-starter-webmvc-api/2.7.0/springdoc-openapi-starter-webmvc-api-2.7.0.jar:/home/nashtech/.m2/repository/org/springdoc/springdoc-openapi-starter-common/2.7.0/springdoc-openapi-starter-common-2.7.0.jar:/home/nashtech/.m2/repository/io/swagger/core/v3/swagger-core-jakarta/2.2.25/swagger-core-jakarta-2.2.25.jar:/home/nashtech/.m2/repository/org/apache/commons/commons-lang3/3.17.0/commons-lang3-3.17.0.jar:/home/nashtech/.m2/repository/io/swagger/core/v3/swagger-annotations-jakarta/2.2.25/swagger-annotations-jakarta-2.2.25.jar:/home/nashtech/.m2/repository/io/swagger/core/v3/swagger-models-jakarta/2.2.25/swagger-models-jakarta-2.2.25.jar:/home/nashtech/.m2/repository/jakarta/validation/jakarta.validation-api/3.0.2/jakarta.validation-api-3.0.2.jar:/home/nashtech/.m2/repository/com/fasterxml/jackson/dataformat/jackson-dataformat-yaml/2.18.1/jackson-dataformat-yaml-2.18.1.jar:/home/nashtech/.m2/repository/org/springframework/boot/spring-boot-starter-test/3.4.0/spring-boot-starter-test-3.4.0.jar:/home/nashtech/.m2/repository/org/springframework/boot/spring-boot-test/3.4.0/spring-boot-test-3.4.0.jar:/home/nashtech/.m2/repository/org/springframework/boot/spring-boot-test-autoconfigure/3.4.0/spring-boot-test-autoconfigure-3.4.0.jar:/home/nashtech/.m2/repository/com/jayway/jsonpath/json-path/2.9.0/json-path-2.9.0.jar:/home/nashtech/.m2/repository/jakarta/xml/bind/jakarta.xml.bind-api/4.0.2/jakarta.xml.bind-api-4.0.2.jar:/home/nashtech/.m2/repository/jakarta/activation/jakarta.activation-api/2.1.3/jakarta.activation-api-2.1.3.jar:/home/nashtech/.m2/repository/net/minidev/json-smart/2.5.1/json-smart-2.5.1.jar:/home/nashtech/.m2/repository/net/minidev/accessors-smart/2.5.1/accessors-smart-2.5.1.jar:/home/nashtech/.m2/repository/org/ow2/asm/asm/9.6/asm-9.6.jar:/home/nashtech/.m2/repository/org/assertj/assertj-core/3.26.3/assertj-core-3.26.3.jar:/home/nashtech/.m2/repository/org/awaitility/awaitility/4.2.2/awaitility-4.2.2.jar:/home/nashtech/.m2/repository/org/hamcrest/hamcrest/2.2/hamcrest-2.2.jar:/home/nashtech/.m2/repository/org/junit/jupiter/junit-jupiter/5.11.3/junit-jupiter-5.11.3.jar:/home/nashtech/.m2/repository/org/junit/jupiter/junit-jupiter-api/5.11.3/junit-jupiter-api-5.11.3.jar:/home/nashtech/.m2/repository/org/opentest4j/opentest4j/1.3.0/opentest4j-1.3.0.jar:/home/nashtech/.m2/repository/org/junit/platform/junit-platform-commons/1.11.3/junit-platform-commons-1.11.3.jar:/home/nashtech/.m2/repository/org/apiguardian/apiguardian-api/1.1.2/apiguardian-api-1.1.2.jar:/home/nashtech/.m2/repository/org/junit/jupiter/junit-jupiter-params/5.11.3/junit-jupiter-params-5.11.3.jar:/home/nashtech/.m2/repository/org/junit/jupiter/junit-jupiter-engine/5.11.3/junit-jupiter-engine-5.11.3.jar:/home/nashtech/.m2/repository/org/junit/platform/junit-platform-engine/1.11.3/junit-platform-engine-1.11.3.jar:/home/nashtech/.m2/repository/org/mockito/mockito-junit-jupiter/5.14.2/mockito-junit-jupiter-5.14.2.jar:/home/nashtech/.m2/repository/org/skyscreamer/jsonassert/1.5.3/jsonassert-1.5.3.jar:/home/nashtech/.m2/repository/com/vaadin/external/google/android-json/0.0.20131108.vaadin1/android-json-0.0.20131108.vaadin1.jar:/home/nashtech/.m2/repository/org/springframework/spring-core/6.2.0/spring-core-6.2.0.jar:/home/nashtech/.m2/repository/org/springframework/spring-jcl/6.2.0/spring-jcl-6.2.0.jar:/home/nashtech/.m2/repository/org/springframework/spring-test/6.2.0/spring-test-6.2.0.jar:/home/nashtech/.m2/repository/org/xmlunit/xmlunit-core/2.10.0/xmlunit-core-2.10.0.jar:/home/nashtech/.m2/repository/com/fasterxml/jackson/core/jackson-databind/2.18.1/jackson-databind-2.18.1.jar:/home/nashtech/.m2/repository/com/fasterxml/jackson/core/jackson-annotations/2.18.1/jackson-annotations-2.18.1.jar:/home/nashtech/.m2/repository/com/fasterxml/jackson/core/jackson-core/2.18.1/jackson-core-2.18.1.jar:/home/nashtech/.m2/repository/org/mockito/mockito-core/5.14.2/mockito-core-5.14.2.jar:/home/nashtech/.m2/repository/net/bytebuddy/byte-buddy/1.15.10/byte-buddy-1.15.10.jar:/home/nashtech/.m2/repository/net/bytebuddy/byte-buddy-agent/1.15.10/byte-buddy-agent-1.15.10.jar:/home/nashtech/.m2/repository/org/objenesis/objenesis/3.3/objenesis-3.3.jar:/home/nashtech/.m2/repository/com/h2database/h2/2.3.232/h2-2.3.232.jar:/home/nashtech/.m2/repository/junit/junit/4.13.2/junit-4.13.2.jar:/home/nashtech/.m2/repository/org/hamcrest/hamcrest-core/2.2/hamcrest-core-2.2.jar:/home/nashtech/.m2/repository/org/projectlombok/lombok/1.18.24/lombok-1.18.24.jar:"/>
    <property name="java.vm.vendor" value="Oracle Corporation"/>
    <property name="sun.arch.data.model" value="64"/>
    <property name="java.vendor.url" value="https://java.oracle.com/"/>
    <property name="user.timezone" value="Asia/Kolkata"/>
    <property name="org.jboss.logging.provider" value="slf4j"/>
    <property name="os.name" value="Linux"/>
    <property name="java.vm.specification.version" value="23"/>
    <property name="APPLICATION_NAME" value="spring-app"/>
    <property name="sun.java.launcher" value="SUN_STANDARD"/>
    <property name="user.country" value="IN"/>
    <property name="sun.boot.library.path" value="/usr/lib/jvm/jdk-23.0.1-oracle-x64/lib"/>
    <property name="sun.java.command" value="/media/nashtech/512 GB SSD/Projects/Spring-app/target/surefire/surefirebooter-20241223163827078_3.jar /media/nashtech/512 GB SSD/Projects/Spring-app/target/surefire 2024-12-23T16-38-27_027-jvmRun1 surefire-20241223163827078_1tmp surefire_0-20241223163827078_2tmp"/>
    <property name="jdk.debug" value="release"/>
    <property name="surefire.test.class.path" value="/media/nashtech/512 GB SSD/Projects/Spring-app/target/test-classes:/media/nashtech/512 GB SSD/Projects/Spring-app/target/classes:/home/nashtech/.m2/repository/org/springframework/boot/spring-boot-starter-data-jpa/3.4.0/spring-boot-starter-data-jpa-3.4.0.jar:/home/nashtech/.m2/repository/org/springframework/boot/spring-boot-starter/3.4.0/spring-boot-starter-3.4.0.jar:/home/nashtech/.m2/repository/org/springframework/boot/spring-boot-autoconfigure/3.4.0/spring-boot-autoconfigure-3.4.0.jar:/home/nashtech/.m2/repository/org/springframework/boot/spring-boot-starter-logging/3.4.0/spring-boot-starter-logging-3.4.0.jar:/home/nashtech/.m2/repository/ch/qos/logback/logback-classic/1.5.12/logback-classic-1.5.12.jar:/home/nashtech/.m2/repository/ch/qos/logback/logback-core/1.5.12/logback-core-1.5.12.jar:/home/nashtech/.m2/repository/org/apache/logging/log4j/log4j-to-slf4j/2.24.1/log4j-to-slf4j-2.24.1.jar:/home/nashtech/.m2/repository/org/apache/logging/log4j/log4j-api/2.24.1/log4j-api-2.24.1.jar:/home/nashtech/.m2/repository/org/slf4j/jul-to-slf4j/2.0.16/jul-to-slf4j-2.0.16.jar:/home/nashtech/.m2/repository/jakarta/annotation/jakarta.annotation-api/2.1.1/jakarta.annotation-api-2.1.1.jar:/home/nashtech/.m2/repository/org/yaml/snakeyaml/2.3/snakeyaml-2.3.jar:/home/nashtech/.m2/repository/org/springframework/boot/spring-boot-starter-jdbc/3.4.0/spring-boot-starter-jdbc-3.4.0.jar:/home/nashtech/.m2/repository/com/zaxxer/HikariCP/5.1.0/HikariCP-5.1.0.jar:/home/nashtech/.m2/repository/org/springframework/spring-jdbc/6.2.0/spring-jdbc-6.2.0.jar:/home/nashtech/.m2/repository/org/hibernate/orm/hibernate-core/6.6.2.Final/hibernate-core-6.6.2.Final.jar:/home/nashtech/.m2/repository/jakarta/transaction/jakarta.transaction-api/2.0.1/jakarta.transaction-api-2.0.1.jar:/home/nashtech/.m2/repository/org/jboss/logging/jboss-logging/3.6.1.Final/jboss-logging-3.6.1.Final.jar:/home/nashtech/.m2/repository/org/hibernate/common/hibernate-commons-annotations/7.0.3.Final/hibernate-commons-annotations-7.0.3.Final.jar:/home/nashtech/.m2/repository/io/smallrye/jandex/3.2.0/jandex-3.2.0.jar:/home/nashtech/.m2/repository/com/fasterxml/classmate/1.7.0/classmate-1.7.0.jar:/home/nashtech/.m2/repository/org/glassfish/jaxb/jaxb-runtime/4.0.5/jaxb-runtime-4.0.5.jar:/home/nashtech/.m2/repository/org/glassfish/jaxb/jaxb-core/4.0.5/jaxb-core-4.0.5.jar:/home/nashtech/.m2/repository/org/eclipse/angus/angus-activation/2.0.2/angus-activation-2.0.2.jar:/home/nashtech/.m2/repository/org/glassfish/jaxb/txw2/4.0.5/txw2-4.0.5.jar:/home/nashtech/.m2/repository/com/sun/istack/istack-commons-runtime/4.1.2/istack-commons-runtime-4.1.2.jar:/home/nashtech/.m2/repository/jakarta/inject/jakarta.inject-api/2.0.1/jakarta.inject-api-2.0.1.jar:/home/nashtech/.m2/repository/org/antlr/antlr4-runtime/4.13.0/antlr4-runtime-4.13.0.jar:/home/nashtech/.m2/repository/org/springframework/data/spring-data-jpa/3.4.0/spring-data-jpa-3.4.0.jar:/home/nashtech/.m2/repository/org/springframework/data/spring-data-commons/3.4.0/spring-data-commons-3.4.0.jar:/home/nashtech/.m2/repository/org/springframework/spring-orm/6.2.0/spring-orm-6.2.0.jar:/home/nashtech/.m2/repository/org/springframework/spring-context/6.2.0/spring-context-6.2.0.jar:/home/nashtech/.m2/repository/org/springframework/spring-aop/6.2.0/spring-aop-6.2.0.jar:/home/nashtech/.m2/repository/org/springframework/spring-tx/6.2.0/spring-tx-6.2.0.jar:/home/nashtech/.m2/repository/org/springframework/spring-beans/6.2.0/spring-beans-6.2.0.jar:/home/nashtech/.m2/repository/org/slf4j/slf4j-api/2.0.16/slf4j-api-2.0.16.jar:/home/nashtech/.m2/repository/org/springframework/spring-aspects/6.2.0/spring-aspects-6.2.0.jar:/home/nashtech/.m2/repository/org/aspectj/aspectjweaver/1.9.22.1/aspectjweaver-1.9.22.1.jar:/home/nashtech/.m2/repository/org/springframework/boot/spring-boot-starter-web/3.4.0/spring-boot-starter-web-3.4.0.jar:/home/nashtech/.m2/repository/org/springframework/boot/spring-boot-starter-json/3.4.0/spring-boot-starter-json-3.4.0.jar:/home/nashtech/.m2/repository/com/fasterxml/jackson/datatype/jackson-datatype-jdk8/2.18.1/jackson-datatype-jdk8-2.18.1.jar:/home/nashtech/.m2/repository/com/fasterxml/jackson/datatype/jackson-datatype-jsr310/2.18.1/jackson-datatype-jsr310-2.18.1.jar:/home/nashtech/.m2/repository/org/springframework/boot/spring-boot-starter-tomcat/3.4.0/spring-boot-starter-tomcat-3.4.0.jar:/home/nashtech/.m2/repository/org/apache/tomcat/embed/tomcat-embed-core/10.1.33/tomcat-embed-core-10.1.33.jar:/home/nashtech/.m2/repository/org/apache/tomcat/embed/tomcat-embed-el/10.1.33/tomcat-embed-el-10.1.33.jar:/home/nashtech/.m2/repository/org/apache/tomcat/embed/tomcat-embed-websocket/10.1.33/tomcat-embed-websocket-10.1.33.jar:/home/nashtech/.m2/repository/org/springframework/spring-web/6.2.0/spring-web-6.2.0.jar:/home/nashtech/.m2/repository/io/micrometer/micrometer-observation/1.14.1/micrometer-observation-1.14.1.jar:/home/nashtech/.m2/repository/io/micrometer/micrometer-commons/1.14.1/micrometer-commons-1.14.1.jar:/home/nashtech/.m2/repository/org/springframework/spring-webmvc/6.2.0/spring-webmvc-6.2.0.jar:/home/nashtech/.m2/repository/org/springframework/spring-expression/6.2.0/spring-expression-6.2.0.jar:/home/nashtech/.m2/repository/org/springframework/boot/spring-boot-docker-compose/3.4.0/spring-boot-docker-compose-3.4.0.jar:/home/nashtech/.m2/repository/org/springframework/boot/spring-boot/3.4.0/spring-boot-3.4.0.jar:/home/nashtech/.m2/repository/com/fasterxml/jackson/module/jackson-module-parameter-names/2.18.1/jackson-module-parameter-names-2.18.1.jar:/home/nashtech/.m2/repository/com/mysql/mysql-connector-j/9.1.0/mysql-connector-j-9.1.0.jar:/home/nashtech/.m2/repository/jakarta/persistence/jakarta.persistence-api/3.1.0/jakarta.persistence-api-3.1.0.jar:/home/nashtech/.m2/repository/org/postgresql/postgresql/42.7.4/postgresql-42.7.4.jar:/home/nashtech/.m2/repository/org/checkerframework/checker-qual/3.42.0/checker-qual-3.42.0.jar:/home/nashtech/.m2/repository/org/springdoc/springdoc-openapi-starter-webmvc-api/2.7.0/springdoc-openapi-starter-webmvc-api-2.7.0.jar:/home/nashtech/.m2/repository/org/springdoc/springdoc-openapi-starter-common/2.7.0/springdoc-openapi-starter-common-2.7.0.jar:/home/nashtech/.m2/repository/io/swagger/core/v3/swagger-core-jakarta/2.2.25/swagger-core-jakarta-2.2.25.jar:/home/nashtech/.m2/repository/org/apache/commons/commons-lang3/3.17.0/commons-lang3-3.17.0.jar:/home/nashtech/.m2/repository/io/swagger/core/v3/swagger-annotations-jakarta/2.2.25/swagger-annotations-jakarta-2.2.25.jar:/home/nashtech/.m2/repository/io/swagger/core/v3/swagger-models-jakarta/2.2.25/swagger-models-jakarta-2.2.25.jar:/home/nashtech/.m2/repository/jakarta/validation/jakarta.validation-api/3.0.2/jakarta.validation-api-3.0.2.jar:/home/nashtech/.m2/repository/com/fasterxml/jackson/dataformat/jackson-dataformat-yaml/2.18.1/jackson-dataformat-yaml-2.18.1.jar:/home/nashtech/.m2/repository/org/springframework/boot/spring-boot-starter-test/3.4.0/spring-boot-starter-test-3.4.0.jar:/home/nashtech/.m2/repository/org/springframework/boot/spring-boot-test/3.4.0/spring-boot-test-3.4.0.jar:/home/nashtech/.m2/repository/org/springframework/boot/spring-boot-test-autoconfigure/3.4.0/spring-boot-test-autoconfigure-3.4.0.jar:/home/nashtech/.m2/repository/com/jayway/jsonpath/json-path/2.9.0/json-path-2.9.0.jar:/home/nashtech/.m2/repository/jakarta/xml/bind/jakarta.xml.bind-api/4.0.2/jakarta.xml.bind-api-4.0.2.jar:/home/nashtech/.m2/repository/jakarta/activation/jakarta.activation-api/2.1.3/jakarta.activation-api-2.1.3.jar:/home/nashtech/.m2/repository/net/minidev/json-smart/2.5.1/json-smart-2.5.1.jar:/home/nashtech/.m2/repository/net/minidev/accessors-smart/2.5.1/accessors-smart-2.5.1.jar:/home/nashtech/.m2/repository/org/ow2/asm/asm/9.6/asm-9.6.jar:/home/nashtech/.m2/repository/org/assertj/assertj-core/3.26.3/assertj-core-3.26.3.jar:/home/nashtech/.m2/repository/org/awaitility/awaitility/4.2.2/awaitility-4.2.2.jar:/home/nashtech/.m2/repository/org/hamcrest/hamcrest/2.2/hamcrest-2.2.jar:/home/nashtech/.m2/repository/org/junit/jupiter/junit-jupiter/5.11.3/junit-jupiter-5.11.3.jar:/home/nashtech/.m2/repository/org/junit/jupiter/junit-jupiter-api/5.11.3/junit-jupiter-api-5.11.3.jar:/home/nashtech/.m2/repository/org/opentest4j/opentest4j/1.3.0/opentest4j-1.3.0.jar:/home/nashtech/.m2/repository/org/junit/platform/junit-platform-commons/1.11.3/junit-platform-commons-1.11.3.jar:/home/nashtech/.m2/repository/org/apiguardian/apiguardian-api/1.1.2/apiguardian-api-1.1.2.jar:/home/nashtech/.m2/repository/org/junit/jupiter/junit-jupiter-params/5.11.3/junit-jupiter-params-5.11.3.jar:/home/nashtech/.m2/repository/org/junit/jupiter/junit-jupiter-engine/5.11.3/junit-jupiter-engine-5.11.3.jar:/home/nashtech/.m2/repository/org/junit/platform/junit-platform-engine/1.11.3/junit-platform-engine-1.11.3.jar:/home/nashtech/.m2/repository/org/mockito/mockito-junit-jupiter/5.14.2/mockito-junit-jupiter-5.14.2.jar:/home/nashtech/.m2/repository/org/skyscreamer/jsonassert/1.5.3/jsonassert-1.5.3.jar:/home/nashtech/.m2/repository/com/vaadin/external/google/android-json/0.0.20131108.vaadin1/android-json-0.0.20131108.vaadin1.jar:/home/nashtech/.m2/repository/org/springframework/spring-core/6.2.0/spring-core-6.2.0.jar:/home/nashtech/.m2/repository/org/springframework/spring-jcl/6.2.0/spring-jcl-6.2.0.jar:/home/nashtech/.m2/repository/org/springframework/spring-test/6.2.0/spring-test-6.2.0.jar:/home/nashtech/.m2/repository/org/xmlunit/xmlunit-core/2.10.0/xmlunit-core-2.10.0.jar:/home/nashtech/.m2/repository/com/fasterxml/jackson/core/jackson-databind/2.18.1/jackson-databind-2.18.1.jar:/home/nashtech/.m2/repository/com/fasterxml/jackson/core/jackson-annotations/2.18.1/jackson-annotations-2.18.1.jar:/home/nashtech/.m2/repository/com/fasterxml/jackson/core/jackson-core/2.18.1/jackson-core-2.18.1.jar:/home/nashtech/.m2/repository/org/mockito/mockito-core/5.14.2/mockito-core-5.14.2.jar:/home/nashtech/.m2/repository/net/bytebuddy/byte-buddy/1.15.10/byte-buddy-1.15.10.jar:/home/nashtech/.m2/repository/net/bytebuddy/byte-buddy-agent/1.15.10/byte-buddy-agent-1.15.10.jar:/home/nashtech/.m2/repository/org/objenesis/objenesis/3.3/objenesis-3.3.jar:/home/nashtech/.m2/repository/com/h2database/h2/2.3.232/h2-2.3.232.jar:/home/nashtech/.m2/repository/junit/junit/4.13.2/junit-4.13.2.jar:/home/nashtech/.m2/repository/org/hamcrest/hamcrest-core/2.2/hamcrest-core-2.2.jar:/home/nashtech/.m2/repository/org/projectlombok/lombok/1.18.24/lombok-1.18.24.jar:"/>
    <property name="sun.cpu.endian" value="little"/>
    <property name="user.home" value="/home/nashtech"/>
    <property name="user.language" value="en"/>
    <property name="java.specification.vendor" value="Oracle Corporation"/>
    <property name="java.version.date" value="2024-10-15"/>
    <property name="java.home" value="/usr/lib/jvm/jdk-23.0.1-oracle-x64"/>
    <property name="file.separator" value="/"/>
    <property name="basedir" value="/media/nashtech/512 GB SSD/Projects/Spring-app"/>
    <property name="java.vm.compressedOopsMode" value="Zero based"/>
    <property name="line.separator" value="&#10;"/>
    <property name="java.vm.specification.vendor" value="Oracle Corporation"/>
    <property name="java.specification.name" value="Java Platform API Specification"/>
    <property name="FILE_LOG_CHARSET" value="UTF-8"/>
    <property name="java.awt.headless" value="true"/>
    <property name="surefire.real.class.path" value="/media/nashtech/512 GB SSD/Projects/Spring-app/target/surefire/surefirebooter-20241223163827078_3.jar"/>
    <property name="sun.management.compiler" value="HotSpot 64-Bit Tiered Compilers"/>
    <property name="java.runtime.version" value="23.0.1+11-39"/>
    <property name="user.name" value="nashtech"/>
    <property name="stdout.encoding" value="UTF-8"/>
    <property name="path.separator" value=":"/>
    <property name="os.version" value="6.8.0-49-generic"/>
    <property name="java.runtime.name" value="Java(TM) SE Runtime Environment"/>
    <property name="file.encoding" value="UTF-8"/>
    <property name="java.vm.name" value="Java HotSpot(TM) 64-Bit Server VM"/>
    <property name="localRepository" value="/home/nashtech/.m2/repository"/>
    <property name="java.vendor.url.bug" value="https://bugreport.java.com/bugreport/"/>
    <property name="java.io.tmpdir" value="/tmp"/>
    <property name="java.version" value="23.0.1"/>
    <property name="user.dir" value="/media/nashtech/512 GB SSD/Projects/Spring-app"/>
    <property name="os.arch" value="amd64"/>
    <property name="java.vm.specification.name" value="Java Virtual Machine Specification"/>
    <property name="PID" value="171721"/>
    <property name="CONSOLE_LOG_CHARSET" value="UTF-8"/>
    <property name="native.encoding" value="UTF-8"/>
    <property name="java.library.path" value="/usr/java/packages/lib:/usr/lib64:/lib64:/lib:/usr/lib"/>
    <property name="java.vm.info" value="mixed mode, sharing"/>
    <property name="stderr.encoding" value="UTF-8"/>
    <property name="java.vendor" value="Oracle Corporation"/>
    <property name="java.vm.version" value="23.0.1+11-39"/>
    <property name="sun.io.unicode.encoding" value="UnicodeLittle"/>
    <property name="java.class.version" value="67.0"/>
    <property name="LOGGED_APPLICATION_NAME" value="[spring-app] "/>
  </properties>
  <testcase name="testFindAdditionalDetailsById" classname="com.example.Spring_app.AdditionalDetailsTest" time="0.338">
    <system-out><![CDATA[16:38:27.493 [main] INFO org.springframework.test.context.support.AnnotationConfigContextLoaderUtils -- Could not detect default configuration classes for test class [com.example.Spring_app.AdditionalDetailsTest]: AdditionalDetailsTest does not declare any static, non-private, non-final, nested classes annotated with @Configuration.
16:38:27.558 [main] INFO org.springframework.boot.test.context.SpringBootTestContextBootstrapper -- Found @SpringBootConfiguration com.example.Spring_app.SpringAppApplication for test class com.example.Spring_app.AdditionalDetailsTest

  .   ____          _            __ _ _
 /\\ / ___'_ __ _ _(_)_ __  __ _ \ \ \ \
( ( )\___ | '_ | '_| | '_ \/ _` | \ \ \ \
 \\/  ___)| |_)| | | | | || (_| |  ) ) ) )
  '  |____| .__|_| |_|_| |_\__, | / / / /
 =========|_|==============|___/=/_/_/_/

 :: Spring Boot ::                (v3.4.0)

2024-12-23T16:38:27.743+05:30  INFO 171721 --- [spring-app] [           main] c.e.Spring_app.AdditionalDetailsTest     : Starting AdditionalDetailsTest using Java 23.0.1 with PID 171721 (started by nashtech in /media/nashtech/512 GB SSD/Projects/Spring-app)
2024-12-23T16:38:27.744+05:30  INFO 171721 --- [spring-app] [           main] c.e.Spring_app.AdditionalDetailsTest     : The following 1 profile is active: "dev"
2024-12-23T16:38:27.925+05:30  INFO 171721 --- [spring-app] [           main] .s.d.r.c.RepositoryConfigurationDelegate : Bootstrapping Spring Data JPA repositories in DEFAULT mode.
2024-12-23T16:38:27.960+05:30  INFO 171721 --- [spring-app] [           main] .s.d.r.c.RepositoryConfigurationDelegate : Finished Spring Data repository scanning in 30 ms. Found 9 JPA repository interfaces.
2024-12-23T16:38:27.991+05:30  INFO 171721 --- [spring-app] [           main] beddedDataSourceBeanFactoryPostProcessor : Replacing 'dataSource' DataSource bean with embedded version
2024-12-23T16:38:28.058+05:30  INFO 171721 --- [spring-app] [           main] o.s.j.d.e.EmbeddedDatabaseFactory        : Starting embedded database: url='jdbc:h2:mem:6acb717f-c583-40c1-bb65-caed82c31148;DB_CLOSE_DELAY=-1;DB_CLOSE_ON_EXIT=false', username='sa'
2024-12-23T16:38:28.163+05:30  INFO 171721 --- [spring-app] [           main] .i.s.PathMatchingResourcePatternResolver : Skipping search for files matching pattern [**/*.class]: directory [/media/nashtech/512 GB SSD/Projects/Spring-app/target/test-classes/com/example/Spring_app/entity] does not exist
2024-12-23T16:38:28.177+05:30  INFO 171721 --- [spring-app] [           main] o.hibernate.jpa.internal.util.LogHelper  : HHH000204: Processing PersistenceUnitInfo [name: default]
2024-12-23T16:38:28.197+05:30  INFO 171721 --- [spring-app] [           main] org.hibernate.Version                    : HHH000412: Hibernate ORM core version 6.6.2.Final
2024-12-23T16:38:28.212+05:30  INFO 171721 --- [spring-app] [           main] o.h.c.internal.RegionFactoryInitiator    : HHH000026: Second-level cache disabled
2024-12-23T16:38:28.340+05:30  INFO 171721 --- [spring-app] [           main] o.s.o.j.p.SpringPersistenceUnitInfo      : No LoadTimeWeaver setup: ignoring JPA class transformer
2024-12-23T16:38:28.360+05:30  WARN 171721 --- [spring-app] [           main] org.hibernate.dialect.Dialect            : HHH000511: The 2.3.232 version for [org.hibernate.dialect.PostgreSQLDialect] is no longer supported, hence certain features may not work properly. The minimum supported version is 12.0.0. Check the community dialects project for available legacy versions.
2024-12-23T16:38:28.362+05:30  WARN 171721 --- [spring-app] [           main] org.hibernate.orm.deprecation            : HHH90000025: PostgreSQLDialect does not need to be specified explicitly using 'hibernate.dialect' (remove the property setting and it will be selected by default)
2024-12-23T16:38:28.370+05:30  INFO 171721 --- [spring-app] [           main] org.hibernate.orm.connections.pooling    : HHH10001005: Database info:
	Database JDBC URL [Connecting through datasource 'org.springframework.jdbc.datasource.embedded.EmbeddedDatabaseFactory$EmbeddedDataSourceProxy@766b6d02']
	Database driver: undefined/unknown
	Database version: 2.3.232
	Autocommit mode: undefined/unknown
	Isolation level: undefined/unknown
	Minimum pool size: undefined/unknown
	Maximum pool size: undefined/unknown
2024-12-23T16:38:28.767+05:30  INFO 171721 --- [spring-app] [           main] o.h.e.t.j.p.i.JtaPlatformInitiator       : HHH000489: No JTA platform available (set 'hibernate.transaction.jta.platform' to enable JTA platform integration)
2024-12-23T16:38:28.786+05:30 DEBUG 171721 --- [spring-app] [           main] org.hibernate.SQL                        : 
    create table AdditionalDetails (
        id bigint generated by default as identity,
        car_parking varchar(255),
        furnished_status varchar(255),
        green_rating varchar(255),
        pet_friendly boolean,
        total_car_parking_spaces integer,
        primary key (id)
    )
Hibernate: 
    create table AdditionalDetails (
        id bigint generated by default as identity,
        car_parking varchar(255),
        furnished_status varchar(255),
        green_rating varchar(255),
        pet_friendly boolean,
        total_car_parking_spaces integer,
        primary key (id)
    )
2024-12-23T16:38:28.791+05:30 DEBUG 171721 --- [spring-app] [           main] org.hibernate.SQL                        : 
    create table Amenities (
        id bigint generated by default as identity,
        name varchar(255),
        primary key (id)
    )
Hibernate: 
    create table Amenities (
        id bigint generated by default as identity,
        name varchar(255),
        primary key (id)
    )
2024-12-23T16:38:28.791+05:30 DEBUG 171721 --- [spring-app] [           main] org.hibernate.SQL                        : 
    create table LegalInformation (
        id bigint generated by default as identity,
        approvals varchar(255),
        rera_number varchar(255),
        primary key (id)
    )
Hibernate: 
    create table LegalInformation (
        id bigint generated by default as identity,
        approvals varchar(255),
        rera_number varchar(255),
        primary key (id)
    )
2024-12-23T16:38:28.792+05:30 DEBUG 171721 --- [spring-app] [           main] org.hibernate.SQL                        : 
    create table Location (
        id bigint generated by default as identity,
        address varchar(255),
        city varchar(255),
        latitude float(53),
        longitude float(53),
        state varchar(255),
        primary key (id)
    )
Hibernate: 
    create table Location (
        id bigint generated by default as identity,
        address varchar(255),
        city varchar(255),
        latitude float(53),
        longitude float(53),
        state varchar(255),
        primary key (id)
    )
2024-12-23T16:38:28.793+05:30 DEBUG 171721 --- [spring-app] [           main] org.hibernate.SQL                        : 
    create table NearbyLandmarks (
        id bigint generated by default as identity,
        airport varchar(255),
        hospital varchar(255),
        metro_station varchar(255),
        school varchar(255),
        shopping_mall varchar(255),
        primary key (id)
    )
Hibernate: 
    create table NearbyLandmarks (
        id bigint generated by default as identity,
        airport varchar(255),
        hospital varchar(255),
        metro_station varchar(255),
        school varchar(255),
        shopping_mall varchar(255),
        primary key (id)
    )
2024-12-23T16:38:28.793+05:30 DEBUG 171721 --- [spring-app] [           main] org.hibernate.SQL                        : 
    create table PaymentPlans (
        id bigint generated by default as identity,
        description varchar(255),
        plan_type varchar(255),
        pricing_details_id bigint not null,
        primary key (id)
    )
Hibernate: 
    create table PaymentPlans (
        id bigint generated by default as identity,
        description varchar(255),
        plan_type varchar(255),
        pricing_details_id bigint not null,
        primary key (id)
    )
2024-12-23T16:38:28.794+05:30 DEBUG 171721 --- [spring-app] [           main] org.hibernate.SQL                        : 
    create table PricingDetails (
        id bigint generated by default as identity,
        base_price_per_sq_ft numeric(38,2),
        booking_amount numeric(38,2),
        maintenance_charges_per_month numeric(38,2),
        primary key (id)
    )
Hibernate: 
    create table PricingDetails (
        id bigint generated by default as identity,
        base_price_per_sq_ft numeric(38,2),
        booking_amount numeric(38,2),
        maintenance_charges_per_month numeric(38,2),
        primary key (id)
    )
2024-12-23T16:38:28.795+05:30 DEBUG 171721 --- [spring-app] [           main] org.hibernate.SQL                        : 
    create table PropertyDetails (
        id bigint generated by default as identity,
        developer varchar(100),
        possession_date date,
        property_type varchar(100),
        total_floors integer,
        total_towers integer,
        total_units integer,
        primary key (id)
    )
Hibernate: 
    create table PropertyDetails (
        id bigint generated by default as identity,
        developer varchar(100),
        possession_date date,
        property_type varchar(100),
        total_floors integer,
        total_towers integer,
        total_units integer,
        primary key (id)
    )
2024-12-23T16:38:28.795+05:30 DEBUG 171721 --- [spring-app] [           main] org.hibernate.SQL                        : 
    create table UnitVariants (
        id bigint generated by default as identity,
        price numeric(15,2),
        size_sq_ft integer,
        unit_type varchar(50),
        property_details_id bigint not null,
        primary key (id)
    )
Hibernate: 
    create table UnitVariants (
        id bigint generated by default as identity,
        price numeric(15,2),
        size_sq_ft integer,
        unit_type varchar(50),
        property_details_id bigint not null,
        primary key (id)
    )
2024-12-23T16:38:28.796+05:30 DEBUG 171721 --- [spring-app] [           main] org.hibernate.SQL                        : 
    alter table if exists PaymentPlans 
       add constraint FK7ckjf8uoqp07fs80oopjue7fh 
       foreign key (pricing_details_id) 
       references PricingDetails
Hibernate: 
    alter table if exists PaymentPlans 
       add constraint FK7ckjf8uoqp07fs80oopjue7fh 
       foreign key (pricing_details_id) 
       references PricingDetails
2024-12-23T16:38:28.799+05:30 DEBUG 171721 --- [spring-app] [           main] org.hibernate.SQL                        : 
    alter table if exists UnitVariants 
       add constraint FKtl7qaoufm5mo1ht6ei8xafoub 
       foreign key (property_details_id) 
       references PropertyDetails
Hibernate: 
    alter table if exists UnitVariants 
       add constraint FKtl7qaoufm5mo1ht6ei8xafoub 
       foreign key (property_details_id) 
       references PropertyDetails
2024-12-23T16:38:28.800+05:30  INFO 171721 --- [spring-app] [           main] j.LocalContainerEntityManagerFactoryBean : Initialized JPA EntityManagerFactory for persistence unit 'default'
2024-12-23T16:38:28.971+05:30  INFO 171721 --- [spring-app] [           main] c.e.Spring_app.AdditionalDetailsTest     : Started AdditionalDetailsTest in 1.375 seconds (process running for 1.86)
2024-12-23T16:38:29.290+05:30 DEBUG 171721 --- [spring-app] [           main] org.hibernate.SQL                        : 
    insert 
    into
        AdditionalDetails
        (car_parking, furnished_status, green_rating, pet_friendly, total_car_parking_spaces) 
    values
        (?, ?, ?, ?, ?)
Hibernate: 
    insert 
    into
        AdditionalDetails
        (car_parking, furnished_status, green_rating, pet_friendly, total_car_parking_spaces) 
    values
        (?, ?, ?, ?, ?)
]]></system-out>
    <system-err><![CDATA[Mockito is currently self-attaching to enable the inline-mock-maker. This will no longer work in future releases of the JDK. Please add Mockito as an agent to your build what is described in Mockito's documentation: https://javadoc.io/doc/org.mockito/mockito-core/latest/org/mockito/Mockito.html#0.3
WARNING: A Java agent has been loaded dynamically (/home/nashtech/.m2/repository/net/bytebuddy/byte-buddy-agent/1.15.10/byte-buddy-agent-1.15.10.jar)
WARNING: If a serviceability tool is in use, please run with -XX:+EnableDynamicAgentLoading to hide this warning
WARNING: If a serviceability tool is not in use, please run with -Djdk.instrument.traceUsage for more information
WARNING: Dynamic loading of agents will be disallowed by default in a future release
]]></system-err>
  </testcase>
  <testcase name="testSaveAdditionalDetails" classname="com.example.Spring_app.AdditionalDetailsTest" time="0.005">
    <system-out><![CDATA[2024-12-23T16:38:29.316+05:30 DEBUG 171721 --- [spring-app] [           main] org.hibernate.SQL                        : 
    insert 
    into
        AdditionalDetails
        (car_parking, furnished_status, green_rating, pet_friendly, total_car_parking_spaces) 
    values
        (?, ?, ?, ?, ?)
Hibernate: 
    insert 
    into
        AdditionalDetails
        (car_parking, furnished_status, green_rating, pet_friendly, total_car_parking_spaces) 
    values
        (?, ?, ?, ?, ?)
]]></system-out>
  </testcase>
  <testcase name="testFindAllAdditionalDetails" classname="com.example.Spring_app.AdditionalDetailsTest" time="0.052">
    <system-out><![CDATA[2024-12-23T16:38:29.322+05:30 DEBUG 171721 --- [spring-app] [           main] org.hibernate.SQL                        : 
    insert 
    into
        AdditionalDetails
        (car_parking, furnished_status, green_rating, pet_friendly, total_car_parking_spaces) 
    values
        (?, ?, ?, ?, ?)
Hibernate: 
    insert 
    into
        AdditionalDetails
        (car_parking, furnished_status, green_rating, pet_friendly, total_car_parking_spaces) 
    values
        (?, ?, ?, ?, ?)
2024-12-23T16:38:29.323+05:30 DEBUG 171721 --- [spring-app] [           main] org.hibernate.SQL                        : 
    insert 
    into
        AdditionalDetails
        (car_parking, furnished_status, green_rating, pet_friendly, total_car_parking_spaces) 
    values
        (?, ?, ?, ?, ?)
Hibernate: 
    insert 
    into
        AdditionalDetails
        (car_parking, furnished_status, green_rating, pet_friendly, total_car_parking_spaces) 
    values
        (?, ?, ?, ?, ?)
2024-12-23T16:38:29.366+05:30 DEBUG 171721 --- [spring-app] [           main] org.hibernate.SQL                        : 
    select
        ad1_0.id,
        ad1_0.car_parking,
        ad1_0.furnished_status,
        ad1_0.green_rating,
        ad1_0.pet_friendly,
        ad1_0.total_car_parking_spaces 
    from
        AdditionalDetails ad1_0
Hibernate: 
    select
        ad1_0.id,
        ad1_0.car_parking,
        ad1_0.furnished_status,
        ad1_0.green_rating,
        ad1_0.pet_friendly,
        ad1_0.total_car_parking_spaces 
    from
        AdditionalDetails ad1_0
]]></system-out>
  </testcase>
  <testcase name="testUpdateAdditionalDetails" classname="com.example.Spring_app.AdditionalDetailsTest" time="0.005">
    <system-out><![CDATA[2024-12-23T16:38:29.375+05:30 DEBUG 171721 --- [spring-app] [           main] org.hibernate.SQL                        : 
    insert 
    into
        AdditionalDetails
        (car_parking, furnished_status, green_rating, pet_friendly, total_car_parking_spaces) 
    values
        (?, ?, ?, ?, ?)
Hibernate: 
    insert 
    into
        AdditionalDetails
        (car_parking, furnished_status, green_rating, pet_friendly, total_car_parking_spaces) 
    values
        (?, ?, ?, ?, ?)
]]></system-out>
  </testcase>
  <testcase name="testDeleteAdditionalDetails" classname="com.example.Spring_app.AdditionalDetailsTest" time="0.006">
    <system-out><![CDATA[2024-12-23T16:38:29.380+05:30 DEBUG 171721 --- [spring-app] [           main] org.hibernate.SQL                        : 
    insert 
    into
        AdditionalDetails
        (car_parking, furnished_status, green_rating, pet_friendly, total_car_parking_spaces) 
    values
        (?, ?, ?, ?, ?)
Hibernate: 
    insert 
    into
        AdditionalDetails
        (car_parking, furnished_status, green_rating, pet_friendly, total_car_parking_spaces) 
    values
        (?, ?, ?, ?, ?)
]]></system-out>
  </testcase>
</testsuite>